#
# A fatal error has been detected by the Java Runtime Environment:
#
#  EXCEPTION_ACCESS_VIOLATION (0xc0000005) at pc=0x000000006bd2b6c2, pid=9052, tid=0x000000000000292c
#
# JRE version: OpenJDK Runtime Environment (8.0_202-b03) (build 1.8.0_202-release-1483-b03)
# Java VM: OpenJDK 64-Bit Server VM (25.202-b03 mixed mode windows-amd64 compressed oops)
# Problematic frame:
# V  [jvm.dll+0x8b6c2]
#
# Failed to write core dump. Minidumps are not enabled by default on client versions of Windows
#
# If you would like to submit a bug report, please visit:
#   http://bugreport.java.com/bugreport/crash.jsp
#

---------------  T H R E A D  ---------------

Current thread (0x0000000002817800):  GCTaskThread [stack: 0x00000000121d0000,0x00000000122d0000] [id=10540]

siginfo: ExceptionCode=0xc0000005, reading address 0x00000000000000e8

Registers:
RAX=0x0000000000000000, RBX=0x00000000f2120100, RCX=0x0000000100011610, RDX=0x00000000f2120100
RSP=0x00000000122cf0b8, RBP=0x0000000011cca901, RSI=0x00000000028f01c0, RDI=0x00000000a1511c20
R8 =0x0000000000000000, R9 =0x0000000100011610, R10=0x00000000a000c288, R11=0x00000000a243fd58
R12=0x0000000011cca889, R13=0x000000000000200d, R14=0x0000000000000000, R15=0x000000000280da40
RIP=0x000000006bd2b6c2, EFLAGS=0x0000000000010246

Top of Stack: (sp=0x00000000122cf0b8)
0x00000000122cf0b8:   000000006c06eb82 00000000f21200c0
0x00000000122cf0c8:   0000000000000008 00000000028f01c0
0x00000000122cf0d8:   00000000f2a85238 00000000f03204b0
0x00000000122cf0e8:   0000000000001000 00000000a243ed98
0x00000000122cf0f8:   0000000000000400 0000000000000000
0x00000000122cf108:   00000000028f0100 0000000011cca889
0x00000000122cf118:   000000006c06eef0 00000000a243fdcc
0x00000000122cf128:   0000000011cca901 00000000028f01c0
0x00000000122cf138:   00000000a1511c20 00000000a243fdcc
0x00000000122cf148:   000000006c06fa95 00000000f20d5740
0x00000000122cf158:   0000000011cc9a01 00000000028f01c0
0x00000000122cf168:   0000000000000005 00000000028f01c0
0x00000000122cf178:   000000006bd676ba 00000000a15112b4
0x00000000122cf188:   000000006bd8f980 00000000a15112bd
0x00000000122cf198:   00000000a15112bd 00000000a14b4589
0x00000000122cf1a8:   00000000a14b4589 00000000a1511acc 

Instructions: (pc=0x000000006bd2b6c2)
0x000000006bd2b6a2:   e2 49 8d 0c 11 49 f7 d1 48 03 c1 49 c1 e9 03 48
0x000000006bd2b6b2:   c1 e8 03 41 23 c1 c3 48 8b 02 48 8b d1 49 8b c9
0x000000006bd2b6c2:   48 ff a0 e8 00 00 00 cc cc cc cc cc cc cc 80 3d
0x000000006bd2b6d2:   9a 47 73 00 00 48 8b c1 74 1b 8b 51 08 8b 0d 33 


Register to memory mapping:

RAX=0x0000000000000000 is an unknown value
RBX=0x00000000f2120100 is an oop

[error occurred during error reporting (printing register info), id 0xc0000005]

Stack: [0x00000000121d0000,0x00000000122d0000],  sp=0x00000000122cf0b8,  free space=1020k
Native frames: (J=compiled Java code, j=interpreted, Vv=VM code, C=native code)
V  [jvm.dll+0x8b6c2]


---------------  P R O C E S S  ---------------

Java Threads: ( => current thread )
  0x000000001ad87800 JavaThread "Memory manager" [_thread_blocked, id=9896, stack(0x0000000024180000,0x0000000024280000)]
  0x000000001ad85000 JavaThread "Cache worker for Build Output Cleanup Cache (C:\Users\beast\Documents\LambdaWeek3\Sprint Challenge\Android_Sprint7Challenge_AnimatedRating\.gradle\buildOutputCleanup)" [_thread_blocked, id=3720, stack(0x0000000022070000,0x0000000022170000)]
  0x000000001ad88800 JavaThread "Build operations Thread 6" [_thread_blocked, id=1644, stack(0x00000000226b0000,0x00000000227b0000)]
  0x000000001ad80000 JavaThread "Build operations Thread 5" [_thread_blocked, id=11936, stack(0x00000000225b0000,0x00000000226b0000)]
  0x000000001ad86000 JavaThread "Build operations Thread 4" [_thread_blocked, id=4932, stack(0x00000000224b0000,0x00000000225b0000)]
  0x000000001ad83000 JavaThread "Build operations Thread 3" [_thread_blocked, id=12256, stack(0x00000000223b0000,0x00000000224b0000)]
  0x000000001ad81800 JavaThread "Build operations Thread 2" [_thread_blocked, id=2912, stack(0x00000000222b0000,0x00000000223b0000)]
  0x000000001ad84800 JavaThread "Build operations" [_thread_blocked, id=8600, stack(0x00000000221b0000,0x00000000222b0000)]
  0x000000001ad86800 JavaThread "Cache worker for execution history cache (C:\Users\beast\.gradle\caches\5.5.1\executionHistory)" [_thread_blocked, id=11104, stack(0x000000001f300000,0x000000001f400000)]
  0x000000001a2f1800 JavaThread "Cache worker for cache directory md-rule (C:\Users\beast\.gradle\caches\5.5.1\md-rule)" [_thread_blocked, id=9548, stack(0x000000001f000000,0x000000001f100000)]
  0x000000001a2f0800 JavaThread "Cache worker for cache directory md-supplier (C:\Users\beast\.gradle\caches\5.5.1\md-supplier)" [_thread_blocked, id=1524, stack(0x0000000021d70000,0x0000000021e70000)]
  0x000000001a2ec000 JavaThread "Cache worker for file hash cache (C:\Users\beast\Documents\LambdaWeek3\Sprint Challenge\Android_Sprint7Challenge_AnimatedRating\.gradle\5.5.1\fileHashes)" [_thread_blocked, id=8832, stack(0x000000001eb00000,0x000000001ec00000)]
  0x000000001a2ea800 JavaThread "Cache worker for journal cache (C:\Users\beast\.gradle\caches\journal-1)" [_thread_blocked, id=9204, stack(0x000000001c660000,0x000000001c760000)]
  0x000000001a2f0000 JavaThread "File lock request listener" [_thread_in_native, id=11168, stack(0x000000001c560000,0x000000001c660000)]
  0x000000001a8d7000 JavaThread "Cache worker for file hash cache (C:\Users\beast\.gradle\caches\5.5.1\fileHashes)" [_thread_blocked, id=1312, stack(0x000000001c460000,0x000000001c560000)]
  0x0000000019a83000 JavaThread "Thread-9" [_thread_blocked, id=8352, stack(0x000000001c360000,0x000000001c460000)]
  0x0000000019a82000 JavaThread "Stdin handler" [_thread_blocked, id=9496, stack(0x000000001c260000,0x000000001c360000)]
  0x0000000019a81000 JavaThread "Asynchronous log dispatcher for DefaultDaemonConnection: socket connection from /127.0.0.1:55802 to /127.0.0.1:55803" [_thread_blocked, id=11924, stack(0x000000001c160000,0x000000001c260000)]
  0x0000000019a8a800 JavaThread "Daemon worker" [_thread_blocked, id=9068, stack(0x000000001c060000,0x000000001c160000)]
  0x000000001a8f9800 JavaThread "Cancel handler" [_thread_blocked, id=9208, stack(0x000000001bf60000,0x000000001c060000)]
  0x0000000019a50800 JavaThread "Handler for socket connection from /127.0.0.1:55802 to /127.0.0.1:55803" [_thread_in_native, id=10916, stack(0x000000001bc60000,0x000000001bd60000)]
  0x000000001a209800 JavaThread "Daemon" [_thread_blocked, id=5184, stack(0x000000001bb60000,0x000000001bc60000)]
  0x000000001a19e000 JavaThread "Daemon periodic checks" [_thread_blocked, id=11340, stack(0x000000001ba60000,0x000000001bb60000)]
  0x000000001a024000 JavaThread "Incoming local TCP Connector on port 55802" [_thread_in_native, id=6844, stack(0x000000001b820000,0x000000001b920000)]
  0x00000000192ec800 JavaThread "Daemon health stats" [_thread_blocked, id=8168, stack(0x000000001b1e0000,0x000000001b2e0000)]
  0x00000000184ad800 JavaThread "Service Thread" daemon [_thread_blocked, id=1116, stack(0x0000000018840000,0x0000000018940000)]
  0x00000000164b5000 JavaThread "C1 CompilerThread2" daemon [_thread_blocked, id=11388, stack(0x0000000018340000,0x0000000018440000)]
  0x00000000164b2000 JavaThread "C2 CompilerThread1" daemon [_thread_in_native, id=876, stack(0x0000000018240000,0x0000000018340000)]
  0x00000000164af800 JavaThread "C2 CompilerThread0" daemon [_thread_in_native, id=8732, stack(0x0000000018140000,0x0000000018240000)]
  0x00000000164ba000 JavaThread "Attach Listener" daemon [_thread_blocked, id=1516, stack(0x0000000018040000,0x0000000018140000)]
  0x00000000164b8000 JavaThread "Signal Dispatcher" daemon [_thread_blocked, id=10796, stack(0x0000000017f40000,0x0000000018040000)]
  0x00000000028fc000 JavaThread "Finalizer" daemon [_thread_blocked, id=9832, stack(0x0000000017d40000,0x0000000017e40000)]
  0x00000000028f3000 JavaThread "Reference Handler" daemon [_thread_blocked, id=11632, stack(0x0000000017c40000,0x0000000017d40000)]
  0x000000000267e000 JavaThread "main" [_thread_blocked, id=3016, stack(0x0000000002700000,0x0000000002800000)]

Other Threads:
  0x0000000016476000 VMThread [stack: 0x0000000017b40000,0x0000000017c40000] [id=11548]
  0x00000000184ae800 WatcherThread [stack: 0x0000000018940000,0x0000000018a40000] [id=3044]

=>0x0000000002817800 (exited) GCTaskThread [stack: 0x00000000121d0000,0x00000000122d0000] [id=10540]

VM state:at safepoint (normal execution)

VM Mutex/Monitor currently owned by a thread:  ([mutex/lock_event])
[0x000000000267d750] Threads_lock - owner thread: 0x0000000016476000
[0x000000000267d3d0] Heap_lock - owner thread: 0x0000000019a8a800

heap address: 0x00000000a0000000, size: 1536 MB, Compressed Oops mode: 32-bit
Narrow klass base: 0x0000000000000000, Narrow klass shift: 3
Compressed class space size: 1073741824 Address: 0x0000000100000000

Heap:
 PSYoungGen      total 271360K, used 271293K [0x00000000e0000000, 0x00000000f2c00000, 0x0000000100000000)
  eden space 253440K, 100% used [0x00000000e0000000,0x00000000ef780000,0x00000000ef780000)
  from space 17920K, 99% used [0x00000000f1a80000,0x00000000f2bef4c8,0x00000000f2c00000)
  to   space 23552K, 50% used [0x00000000efe00000,0x00000000f098c530,0x00000000f1500000)
 ParOldGen       total 233472K, used 45879K [0x00000000a0000000, 0x00000000ae400000, 0x00000000e0000000)
  object space 233472K, 19% used [0x00000000a0000000,0x00000000a2ccddd8,0x00000000ae400000)
 Metaspace       used 70196K, capacity 73544K, committed 73752K, reserved 1112064K
  class space    used 9515K, capacity 10167K, committed 10264K, reserved 1048576K

Card table byte_map: [0x0000000011cc0000,0x0000000011fd0000] byte_map_base: 0x00000000117c0000

Marking Bits: (ParMarkBitMap*) 0x000000006c469f30
 Begin Bits: [0x00000000127d0000, 0x0000000013fd0000)
 End Bits:   [0x0000000013fd0000, 0x00000000157d0000)

Polling page: 0x0000000000db0000

CodeCache: size=245760Kb used=25578Kb max_used=25578Kb free=220182Kb
 bounds [0x0000000002900000, 0x0000000004220000, 0x0000000011900000]
 total_blobs=9021 nmethods=8215 adapters=718
 compilation: enabled

Compilation events (10 events):
Event: 6.101 Thread 0x00000000164b5000 nmethod 9321 0x00000000042104d0 code [0x0000000004210640, 0x00000000042108b8]
Event: 6.101 Thread 0x00000000164b5000 9326       2       java.lang.Class$1::run (5 bytes)
Event: 6.101 Thread 0x00000000164b5000 nmethod 9326 0x0000000004210a10 code [0x0000000004210b80, 0x0000000004210d58]
Event: 6.101 Thread 0x00000000164b5000 9327       2       java.lang.Class$1::run (10 bytes)
Event: 6.101 Thread 0x00000000164b5000 nmethod 9327 0x0000000004210e90 code [0x0000000004211000, 0x00000000042111d8]
Event: 6.101 Thread 0x00000000164b5000 9320       2       sun.reflect.ClassFileAssembler::emitMagicAndVersion (18 bytes)
Event: 6.101 Thread 0x00000000164b5000 nmethod 9320 0x00000000042112d0 code [0x0000000004211480, 0x0000000004211788]
Event: 6.101 Thread 0x00000000164b5000 9323  s    2       sun.reflect.MethodAccessorGenerator::generateName (98 bytes)
Event: 6.102 Thread 0x00000000164b5000 nmethod 9323 0x0000000004211ad0 code [0x0000000004211cc0, 0x0000000004212608]
Event: 6.102 Thread 0x00000000164b5000 9325       2       sun.reflect.AccessorGenerator::emitCommonConstantPoolEntries (573 bytes)

GC Heap History (10 events):
Event: 3.267 GC heap after
Heap after GC invocations=9 (full 2):
 PSYoungGen      total 155136K, used 14331K [0x00000000e0000000, 0x00000000ed980000, 0x0000000100000000)
  eden space 140800K, 0% used [0x00000000e0000000,0x00000000e0000000,0x00000000e8980000)
  from space 14336K, 99% used [0x00000000e8980000,0x00000000e977ee70,0x00000000e9780000)
  to   space 17408K, 0% used [0x00000000ec880000,0x00000000ec880000,0x00000000ed980000)
 ParOldGen       total 185344K, used 19563K [0x00000000a0000000, 0x00000000ab500000, 0x00000000e0000000)
  object space 185344K, 10% used [0x00000000a0000000,0x00000000a131adb8,0x00000000ab500000)
 Metaspace       used 46655K, capacity 47942K, committed 48040K, reserved 1091584K
  class space    used 6293K, capacity 6565K, committed 6568K, reserved 1048576K
}
Event: 4.008 GC heap before
{Heap before GC invocations=10 (full 2):
 PSYoungGen      total 155136K, used 155131K [0x00000000e0000000, 0x00000000ed980000, 0x0000000100000000)
  eden space 140800K, 100% used [0x00000000e0000000,0x00000000e8980000,0x00000000e8980000)
  from space 14336K, 99% used [0x00000000e8980000,0x00000000e977ee70,0x00000000e9780000)
  to   space 17408K, 0% used [0x00000000ec880000,0x00000000ec880000,0x00000000ed980000)
 ParOldGen       total 185344K, used 19563K [0x00000000a0000000, 0x00000000ab500000, 0x00000000e0000000)
  object space 185344K, 10% used [0x00000000a0000000,0x00000000a131adb8,0x00000000ab500000)
 Metaspace       used 57121K, capacity 58910K, committed 59048K, reserved 1099776K
  class space    used 7700K, capacity 8103K, committed 8104K, reserved 1048576K
Event: 4.019 GC heap after
Heap after GC invocations=10 (full 2):
 PSYoungGen      total 200192K, used 17389K [0x00000000e0000000, 0x00000000ee280000, 0x0000000100000000)
  eden space 182784K, 0% used [0x00000000e0000000,0x00000000e0000000,0x00000000eb280000)
  from space 17408K, 99% used [0x00000000ec880000,0x00000000ed97b410,0x00000000ed980000)
  to   space 22528K, 0% used [0x00000000eb280000,0x00000000eb280000,0x00000000ec880000)
 ParOldGen       total 185344K, used 26045K [0x00000000a0000000, 0x00000000ab500000, 0x00000000e0000000)
  object space 185344K, 14% used [0x00000000a0000000,0x00000000a196f750,0x00000000ab500000)
 Metaspace       used 57121K, capacity 58910K, committed 59048K, reserved 1099776K
  class space    used 7700K, capacity 8103K, committed 8104K, reserved 1048576K
}
Event: 4.031 GC heap before
{Heap before GC invocations=11 (full 2):
 PSYoungGen      total 200192K, used 21392K [0x00000000e0000000, 0x00000000ee280000, 0x0000000100000000)
  eden space 182784K, 2% used [0x00000000e0000000,0x00000000e03e8e30,0x00000000eb280000)
  from space 17408K, 99% used [0x00000000ec880000,0x00000000ed97b410,0x00000000ed980000)
  to   space 22528K, 0% used [0x00000000eb280000,0x00000000eb280000,0x00000000ec880000)
 ParOldGen       total 185344K, used 26045K [0x00000000a0000000, 0x00000000ab500000, 0x00000000e0000000)
  object space 185344K, 14% used [0x00000000a0000000,0x00000000a196f750,0x00000000ab500000)
 Metaspace       used 57230K, capacity 58996K, committed 59160K, reserved 1099776K
  class space    used 7717K, capacity 8110K, committed 8216K, reserved 1048576K
Event: 4.039 GC heap after
Heap after GC invocations=11 (full 2):
 PSYoungGen      total 205312K, used 15604K [0x00000000e0000000, 0x00000000f3080000, 0x0000000100000000)
  eden space 182784K, 0% used [0x00000000e0000000,0x00000000e0000000,0x00000000eb280000)
  from space 22528K, 69% used [0x00000000eb280000,0x00000000ec1bd310,0x00000000ec880000)
  to   space 22528K, 0% used [0x00000000f1a80000,0x00000000f1a80000,0x00000000f3080000)
 ParOldGen       total 185344K, used 26045K [0x00000000a0000000, 0x00000000ab500000, 0x00000000e0000000)
  object space 185344K, 14% used [0x00000000a0000000,0x00000000a196f750,0x00000000ab500000)
 Metaspace       used 57230K, capacity 58996K, committed 59160K, reserved 1099776K
  class space    used 7717K, capacity 8110K, committed 8216K, reserved 1048576K
}
Event: 4.039 GC heap before
{Heap before GC invocations=12 (full 3):
 PSYoungGen      total 205312K, used 15604K [0x00000000e0000000, 0x00000000f3080000, 0x0000000100000000)
  eden space 182784K, 0% used [0x00000000e0000000,0x00000000e0000000,0x00000000eb280000)
  from space 22528K, 69% used [0x00000000eb280000,0x00000000ec1bd310,0x00000000ec880000)
  to   space 22528K, 0% used [0x00000000f1a80000,0x00000000f1a80000,0x00000000f3080000)
 ParOldGen       total 185344K, used 26045K [0x00000000a0000000, 0x00000000ab500000, 0x00000000e0000000)
  object space 185344K, 14% used [0x00000000a0000000,0x00000000a196f750,0x00000000ab500000)
 Metaspace       used 57230K, capacity 58996K, committed 59160K, reserved 1099776K
  class space    used 7717K, capacity 8110K, committed 8216K, reserved 1048576K
Event: 4.164 GC heap after
Heap after GC invocations=12 (full 3):
 PSYoungGen      total 205312K, used 0K [0x00000000e0000000, 0x00000000f3080000, 0x0000000100000000)
  eden space 182784K, 0% used [0x00000000e0000000,0x00000000e0000000,0x00000000eb280000)
  from space 22528K, 0% used [0x00000000eb280000,0x00000000eb280000,0x00000000ec880000)
  to   space 22528K, 0% used [0x00000000f1a80000,0x00000000f1a80000,0x00000000f3080000)
 ParOldGen       total 233472K, used 30263K [0x00000000a0000000, 0x00000000ae400000, 0x00000000e0000000)
  object space 233472K, 12% used [0x00000000a0000000,0x00000000a1d8dd08,0x00000000ae400000)
 Metaspace       used 57222K, capacity 58972K, committed 59160K, reserved 1099776K
  class space    used 7714K, capacity 8106K, committed 8216K, reserved 1048576K
}
Event: 4.735 GC heap before
{Heap before GC invocations=13 (full 3):
 PSYoungGen      total 205312K, used 182784K [0x00000000e0000000, 0x00000000f3080000, 0x0000000100000000)
  eden space 182784K, 100% used [0x00000000e0000000,0x00000000eb280000,0x00000000eb280000)
  from space 22528K, 0% used [0x00000000eb280000,0x00000000eb280000,0x00000000ec880000)
  to   space 22528K, 0% used [0x00000000f1a80000,0x00000000f1a80000,0x00000000f3080000)
 ParOldGen       total 233472K, used 30263K [0x00000000a0000000, 0x00000000ae400000, 0x00000000e0000000)
  object space 233472K, 12% used [0x00000000a0000000,0x00000000a1d8dd08,0x00000000ae400000)
 Metaspace       used 60602K, capacity 62678K, committed 62872K, reserved 1103872K
  class space    used 8257K, capacity 8754K, committed 8856K, reserved 1048576K
Event: 4.744 GC heap after
Heap after GC invocations=13 (full 3):
 PSYoungGen      total 271360K, used 17853K [0x00000000e0000000, 0x00000000f2c00000, 0x0000000100000000)
  eden space 253440K, 0% used [0x00000000e0000000,0x00000000e0000000,0x00000000ef780000)
  from space 17920K, 99% used [0x00000000f1a80000,0x00000000f2bef4c8,0x00000000f2c00000)
  to   space 23552K, 0% used [0x00000000efe00000,0x00000000efe00000,0x00000000f1500000)
 ParOldGen       total 233472K, used 30271K [0x00000000a0000000, 0x00000000ae400000, 0x00000000e0000000)
  object space 233472K, 12% used [0x00000000a0000000,0x00000000a1d8fd08,0x00000000ae400000)
 Metaspace       used 60602K, capacity 62678K, committed 62872K, reserved 1103872K
  class space    used 8257K, capacity 8754K, committed 8856K, reserved 1048576K
}
Event: 6.103 GC heap before
{Heap before GC invocations=14 (full 3):
 PSYoungGen      total 271360K, used 271293K [0x00000000e0000000, 0x00000000f2c00000, 0x0000000100000000)
  eden space 253440K, 100% used [0x00000000e0000000,0x00000000ef780000,0x00000000ef780000)
  from space 17920K, 99% used [0x00000000f1a80000,0x00000000f2bef4c8,0x00000000f2c00000)
  to   space 23552K, 0% used [0x00000000efe00000,0x00000000efe00000,0x00000000f1500000)
 ParOldGen       total 233472K, used 30271K [0x00000000a0000000, 0x00000000ae400000, 0x00000000e0000000)
  object space 233472K, 12% used [0x00000000a0000000,0x00000000a1d8fd08,0x00000000ae400000)
 Metaspace       used 70196K, capacity 73544K, committed 73752K, reserved 1112064K
  class space    used 9515K, capacity 10167K, committed 10264K, reserved 1048576K

Deoptimization events (10 events):
Event: 6.055 Thread 0x0000000019a8a800 Uncommon trap: reason=class_check action=maybe_recompile pc=0x0000000003e68754 method=java.io.ObjectOutputStream$BlockDataOutputStream.write([BIIZ)V @ 23
Event: 6.055 Thread 0x0000000019a8a800 Uncommon trap: reason=unstable_if action=reinterpret pc=0x0000000003cb4e68 method=java.io.ObjectOutputStream.writeClassDesc(Ljava/io/ObjectStreamClass;Z)V @ 41
Event: 6.055 Thread 0x0000000019a8a800 Uncommon trap: reason=unstable_if action=reinterpret pc=0x0000000003531998 method=java.lang.reflect.Proxy.isProxyClass(Ljava/lang/Class;)Z @ 6
Event: 6.056 Thread 0x0000000019a8a800 Uncommon trap: reason=class_check action=maybe_recompile pc=0x0000000003e687bc method=java.io.ObjectOutputStream$BlockDataOutputStream.drain()V @ 36
Event: 6.058 Thread 0x0000000019a8a800 Uncommon trap: reason=unstable_if action=reinterpret pc=0x0000000003bb0cf8 method=java.io.ObjectOutputStream$HandleTable.assign(Ljava/lang/Object;)I @ 24
Event: 6.061 Thread 0x0000000019a8a800 Uncommon trap: reason=bimorphic action=maybe_recompile pc=0x0000000004149204 method=com.google.common.cache.LocalCache$Segment.get(Ljava/lang/Object;I)Ljava/lang/Object; @ 44
Event: 6.063 Thread 0x0000000019a8a800 Uncommon trap: reason=bimorphic action=maybe_recompile pc=0x0000000004149204 method=com.google.common.cache.LocalCache$Segment.get(Ljava/lang/Object;I)Ljava/lang/Object; @ 44
Event: 6.076 Thread 0x0000000019a8a800 Uncommon trap: reason=bimorphic action=maybe_recompile pc=0x0000000004149204 method=com.google.common.cache.LocalCache$Segment.get(Ljava/lang/Object;I)Ljava/lang/Object; @ 44
Event: 6.094 Thread 0x0000000019a8a800 Uncommon trap: reason=unstable_if action=reinterpret pc=0x0000000003b97630 method=java.io.ObjectOutputStream$BlockDataOutputStream.writeBytes(Ljava/lang/String;)V @ 22
Event: 6.094 Thread 0x0000000019a8a800 Uncommon trap: reason=unstable_if action=reinterpret pc=0x0000000003ae1c1c method=java.io.ObjectOutputStream$BlockDataOutputStream.writeBytes(Ljava/lang/String;)V @ 22

Classes redefined (0 events):
No events

Internal exceptions (10 events):
Event: 6.030 Thread 0x0000000019a8a800 Exception <a 'java/lang/ClassNotFoundException': java/util/LinkedHashMap$LinkedEntrySetCustomizer> (0x00000000eeedffb0) thrown at [D:\src\AOSP-openjdk-cygwin\jdk8u\hotspot\src\share\vm\classfile\systemDictionary.cpp, line 210]
Event: 6.031 Thread 0x0000000019a8a800 Exception <a 'java/lang/ClassNotFoundException': java/util/LinkedHashMap$EntryBeanInfo> (0x00000000eef04a38) thrown at [D:\src\AOSP-openjdk-cygwin\jdk8u\hotspot\src\share\vm\classfile\systemDictionary.cpp, line 210]
Event: 6.031 Thread 0x0000000019a8a800 Exception <a 'java/lang/ClassNotFoundException': java/util/HashMap$NodeBeanInfo> (0x00000000eef0d710) thrown at [D:\src\AOSP-openjdk-cygwin\jdk8u\hotspot\src\share\vm\classfile\systemDictionary.cpp, line 210]
Event: 6.031 Thread 0x0000000019a8a800 Exception <a 'java/lang/ClassNotFoundException': java/util/HashMap$NodeCustomizer> (0x00000000eef16888) thrown at [D:\src\AOSP-openjdk-cygwin\jdk8u\hotspot\src\share\vm\classfile\systemDictionary.cpp, line 210]
Event: 6.031 Thread 0x0000000019a8a800 Exception <a 'java/lang/ClassNotFoundException': java/util/LinkedHashMap$EntryCustomizer> (0x00000000eef290d0) thrown at [D:\src\AOSP-openjdk-cygwin\jdk8u\hotspot\src\share\vm\classfile\systemDictionary.cpp, line 210]
Event: 6.032 Thread 0x0000000019a8a800 Exception <a 'java/lang/ClassNotFoundException': org/jetbrains/plugins/gradle/model/tests/DefaultExternalTestSourceMappingBeanInfo> (0x00000000eef69380) thrown at [D:\src\AOSP-openjdk-cygwin\jdk8u\hotspot\src\share\vm\classfile\systemDictionary.cpp, line 
Event: 6.032 Thread 0x0000000019a8a800 Exception <a 'java/lang/ClassNotFoundException': org/jetbrains/plugins/gradle/model/tests/DefaultExternalTestSourceMappingCustomizer> (0x00000000eef7e2b8) thrown at [D:\src\AOSP-openjdk-cygwin\jdk8u\hotspot\src\share\vm\classfile\systemDictionary.cpp, lin
Event: 6.042 Thread 0x0000000019a8a800 Exception <a 'sun/nio/fs/WindowsException'> (0x00000000ef063130) thrown at [D:\src\AOSP-openjdk-cygwin\jdk8u\hotspot\src\share\vm\prims\jni.cpp, line 710]
Event: 6.053 Thread 0x0000000019a83000 Implicit null exception at 0x0000000002c1aa2b to 0x0000000002c1e449
Event: 6.054 Thread 0x0000000019a8a800 Implicit null exception at 0x00000000036642a5 to 0x0000000003664403

Events (10 events):
Event: 6.094 Thread 0x0000000019a8a800 DEOPT PACKING pc=0x0000000003b97630 sp=0x000000001c15ae20
Event: 6.094 Thread 0x0000000019a8a800 DEOPT UNPACKING pc=0x000000000294557b sp=0x000000001c15ad60 mode 2
Event: 6.094 Thread 0x0000000019a8a800 Uncommon trap: trap_request=0xffffff65 fr.pc=0x0000000003ae1c1c
Event: 6.094 Thread 0x0000000019a8a800 DEOPT PACKING pc=0x0000000003ae1c1c sp=0x000000001c15ad90
Event: 6.094 Thread 0x0000000019a8a800 DEOPT UNPACKING pc=0x000000000294557b sp=0x000000001c15ad50 mode 2
Event: 6.100 Thread 0x0000000019a8a800 DEOPT PACKING pc=0x00000000040441ce sp=0x000000001c15a770
Event: 6.100 Thread 0x0000000019a8a800 DEOPT UNPACKING pc=0x00000000029475d0 sp=0x000000001c15a480 mode 0
Event: 6.102 Thread 0x0000000019a8a800 DEOPT PACKING pc=0x0000000004208aff sp=0x000000001c15a210
Event: 6.102 Thread 0x0000000019a8a800 DEOPT UNPACKING pc=0x00000000029475d0 sp=0x000000001c159f50 mode 0
Event: 6.103 Executing VM operation: ParallelGCFailedAllocation


Dynamic libraries:
0x00007ff6b8980000 - 0x00007ff6b89b1000 	C:\Program Files\Android\Android Studio\jre\bin\java.exe
0x00007ffdd8ea0000 - 0x00007ffdd9090000 	C:\WINDOWS\SYSTEM32\ntdll.dll
0x00007ffdd8be0000 - 0x00007ffdd8c92000 	C:\WINDOWS\System32\KERNEL32.DLL
0x00007ffdd6ca0000 - 0x00007ffdd6f43000 	C:\WINDOWS\System32\KERNELBASE.dll
0x00007ffdd7870000 - 0x00007ffdd7913000 	C:\WINDOWS\System32\ADVAPI32.dll
0x00007ffdd89f0000 - 0x00007ffdd8a8e000 	C:\WINDOWS\System32\msvcrt.dll
0x00007ffdd8b40000 - 0x00007ffdd8bd7000 	C:\WINDOWS\System32\sechost.dll
0x00007ffdd6f60000 - 0x00007ffdd7080000 	C:\WINDOWS\System32\RPCRT4.dll
0x00007ffdd7920000 - 0x00007ffdd7ab3000 	C:\WINDOWS\System32\USER32.dll
0x00007ffdd5ee0000 - 0x00007ffdd5f01000 	C:\WINDOWS\System32\win32u.dll
0x00007ffdd8b10000 - 0x00007ffdd8b36000 	C:\WINDOWS\System32\GDI32.dll
0x00007ffdd6960000 - 0x00007ffdd6af4000 	C:\WINDOWS\System32\gdi32full.dll
0x00007ffdd6b00000 - 0x00007ffdd6b9e000 	C:\WINDOWS\System32\msvcp_win.dll
0x00007ffdd6ba0000 - 0x00007ffdd6c9a000 	C:\WINDOWS\System32\ucrtbase.dll
0x00007ffdc75c0000 - 0x00007ffdc7845000 	C:\WINDOWS\WinSxS\amd64_microsoft.windows.common-controls_6595b64144ccf1df_6.0.18362.295_none_e6c3acbd13101292\COMCTL32.dll
0x00007ffdd7520000 - 0x00007ffdd7856000 	C:\WINDOWS\System32\combase.dll
0x00007ffdd5f10000 - 0x00007ffdd5f90000 	C:\WINDOWS\System32\bcryptPrimitives.dll
0x00007ffdd74f0000 - 0x00007ffdd751e000 	C:\WINDOWS\System32\IMM32.DLL
0x000000006bae0000 - 0x000000006bbb2000 	C:\Program Files\Android\Android Studio\jre\jre\bin\msvcr100.dll
0x000000006bca0000 - 0x000000006c4e6000 	C:\Program Files\Android\Android Studio\jre\jre\bin\server\jvm.dll
0x00007ffdd7860000 - 0x00007ffdd7868000 	C:\WINDOWS\System32\PSAPI.DLL
0x00007ffdd3ce0000 - 0x00007ffdd3d04000 	C:\WINDOWS\SYSTEM32\WINMM.dll
0x00007ffdc60d0000 - 0x00007ffdc60d9000 	C:\WINDOWS\SYSTEM32\WSOCK32.dll
0x00007ffdd01b0000 - 0x00007ffdd01ba000 	C:\WINDOWS\SYSTEM32\VERSION.dll
0x00007ffdd87c0000 - 0x00007ffdd882f000 	C:\WINDOWS\System32\WS2_32.dll
0x00007ffdd3cb0000 - 0x00007ffdd3cdd000 	C:\WINDOWS\SYSTEM32\WINMMBASE.dll
0x00007ffdd5f90000 - 0x00007ffdd5fda000 	C:\WINDOWS\System32\cfgmgr32.dll
0x00007ffdc5b30000 - 0x00007ffdc5b3f000 	C:\Program Files\Android\Android Studio\jre\jre\bin\verify.dll
0x00007ffdafdf0000 - 0x00007ffdafe19000 	C:\Program Files\Android\Android Studio\jre\jre\bin\java.dll
0x00007ffdb7610000 - 0x00007ffdb7626000 	C:\Program Files\Android\Android Studio\jre\jre\bin\zip.dll
0x00007ffdd80b0000 - 0x00007ffdd8792000 	C:\WINDOWS\System32\SHELL32.dll
0x00007ffdd7140000 - 0x00007ffdd71e9000 	C:\WINDOWS\System32\shcore.dll
0x00007ffdd6000000 - 0x00007ffdd677c000 	C:\WINDOWS\System32\windows.storage.dll
0x00007ffdd5d80000 - 0x00007ffdd5d9f000 	C:\WINDOWS\System32\profapi.dll
0x00007ffdd5de0000 - 0x00007ffdd5e2a000 	C:\WINDOWS\System32\powrprof.dll
0x00007ffdd5d70000 - 0x00007ffdd5d80000 	C:\WINDOWS\System32\UMPDC.dll
0x00007ffdd7080000 - 0x00007ffdd70d2000 	C:\WINDOWS\System32\shlwapi.dll
0x00007ffdd5dc0000 - 0x00007ffdd5dd1000 	C:\WINDOWS\System32\kernel.appcore.dll
0x00007ffdd5fe0000 - 0x00007ffdd5ff7000 	C:\WINDOWS\System32\cryptsp.dll
0x00007ffdb56b0000 - 0x00007ffdb56ca000 	C:\Program Files\Android\Android Studio\jre\jre\bin\net.dll
0x00007ffdd55e0000 - 0x00007ffdd5647000 	C:\WINDOWS\system32\mswsock.dll
0x00007ffdb52f0000 - 0x00007ffdb5301000 	C:\Program Files\Android\Android Studio\jre\jre\bin\nio.dll
0x00007ffdcfe00000 - 0x00007ffdcfe26000 	C:\Users\beast\.gradle\native\29\windows-amd64\native-platform.dll
0x00007ffdc53e0000 - 0x00007ffdc53ed000 	C:\Program Files\Android\Android Studio\jre\jre\bin\management.dll
0x00007ffdd5150000 - 0x00007ffdd5183000 	C:\WINDOWS\system32\rsaenh.dll
0x00007ffdd68d0000 - 0x00007ffdd68f6000 	C:\WINDOWS\System32\bcrypt.dll
0x00007ffdd5c60000 - 0x00007ffdd5c85000 	C:\WINDOWS\SYSTEM32\USERENV.dll
0x00007ffdd57b0000 - 0x00007ffdd57bc000 	C:\WINDOWS\SYSTEM32\CRYPTBASE.dll
0x00007ffdd52f0000 - 0x00007ffdd532a000 	C:\WINDOWS\SYSTEM32\IPHLPAPI.DLL
0x00007ffdd71f0000 - 0x00007ffdd71f8000 	C:\WINDOWS\System32\NSI.dll
0x00007ffdcd820000 - 0x00007ffdcd836000 	C:\WINDOWS\SYSTEM32\dhcpcsvc6.DLL
0x00007ffdce4f0000 - 0x00007ffdce50c000 	C:\WINDOWS\SYSTEM32\dhcpcsvc.DLL
0x00007ffdd5330000 - 0x00007ffdd53fa000 	C:\WINDOWS\SYSTEM32\DNSAPI.dll
0x00007ffdbff00000 - 0x00007ffdc00f4000 	C:\WINDOWS\SYSTEM32\dbghelp.dll

VM Arguments:
jvm_args: -Xmx1536m -Dfile.encoding=windows-1252 -Duser.country=US -Duser.language=en -Duser.variant 
java_command: org.gradle.launcher.daemon.bootstrap.GradleDaemon 5.5.1
java_class_path (initial): C:\Users\beast\.gradle\wrapper\dists\gradle-5.5.1-all\8yl0syll3fr5m1v472nzznadi\gradle-5.5.1\lib\gradle-launcher-5.5.1.jar
Launcher Type: SUN_STANDARD

Environment Variables:
PATH=C:\Program Files (x86)\Common Files\Oracle\Java\javapath;C:\Program Files (x86)\Intel\Intel(R) Management Engine Components\iCLS\;C:\Program Files\Intel\Intel(R) Management Engine Components\iCLS\;C:\Windows\system32;C:\Windows;C:\Windows\System32\Wbem;C:\Windows\System32\WindowsPowerShell\v1.0\;C:\Windows\System32\OpenSSH\;C:\Program Files (x86)\Intel\Intel(R) Management Engine Components\DAL;C:\Program Files\Intel\Intel(R) Management Engine Components\DAL;C:\Program Files (x86)\NVIDIA Corporation\PhysX\Common;C:\Program Files\dotnet\;C:\Program Files\NVIDIA Corporation\NVIDIA NvDLISR;C:\Program Files\Git\cmd;C:\WINDOWS\system32;C:\WINDOWS;C:\WINDOWS\System32\Wbem;C:\WINDOWS\System32\WindowsPowerShell\v1.0\;C:\WINDOWS\System32\OpenSSH\;C:\Users\beast\AppData\Local\Microsoft\WindowsApps;;C:\Users\beast\.dotnet\tools;C:\Users\beast\AppData\Local\Programs\Microsoft VS Code\bin;C:\Users\beast\AppData\Local\Microsoft\WindowsApps
USERNAME=beast
OS=Windows_NT
PROCESSOR_IDENTIFIER=Intel64 Family 6 Model 158 Stepping 10, GenuineIntel



---------------  S Y S T E M  ---------------

OS: Windows 10.0 , 64 bit Build 18362 (10.0.18362.86)

CPU:total 6 (initial active 6) (6 cores per cpu, 1 threads per core) family 6 model 158 stepping 10, cmov, cx8, fxsr, mmx, sse, sse2, sse3, ssse3, sse4.1, sse4.2, popcnt, avx, avx2, aes, clmul, erms, rtm, 3dnowpref, lzcnt, tsc, tscinvbit, bmi1, bmi2, adx

Memory: 4k page, physical 16718492k(7442172k free), swap 19208860k(4941592k free)

vm_info: OpenJDK 64-Bit Server VM (25.202-b03) for windows-amd64 JRE (1.8.0_202-release-1483-b03), built by "builder" with MS VC++ 10.0 (VS2010)

time: Fri Aug 23 16:51:13 2019
timezone: Mountain Daylight Time
elapsed time: 6 seconds (0d 0h 0m 6s)

